
Initial Chunk Files   | Names         |  Raw Size
vendor.js             | vendor        |   2.06 MB |
styles.css, styles.js | styles        | 325.80 kB |
polyfills.js          | polyfills     | 238.13 kB |
main.js               | main          | 216.40 kB |
runtime.js            | runtime       |   6.50 kB |

| Initial Total |   2.83 MB

Build at: 2026-05-05T06:21:12.152Z - Hash: 47527a45532d0f79 - Time: 7040ms

** Angular Live Development Server is listening on 127.0.0.1:4300, open your browser on http://127.0.0.1:4300/ **


√ Compiled successfully.

5 unchanged chunks

Build at: 2026-05-05T06:37:30.479Z - Hash: 47527a45532d0f79 - Time: 2181ms

√ Compiled successfully.

Initial Chunk Files | Names   |  Raw Size
main.js             | main    | 210.04 kB |
runtime.js          | runtime |   6.50 kB |

3 unchanged chunks

Build at: 2026-05-05T06:37:31.495Z - Hash: 7b03024a9cd84e1f - Time: 964ms

√ Compiled successfully.

Initial Chunk Files | Names   |  Raw Size
main.js             | main    | 211.44 kB |
runtime.js          | runtime |   6.50 kB |

3 unchanged chunks

Build at: 2026-05-05T07:15:50.793Z - Hash: 88a3aba07a5ac6d3 - Time: 1287ms

√ Compiled successfully.

Initial Chunk Files | Names   | Raw Size
runtime.js          | runtime |  6.50 kB |

4 unchanged chunks

Build at: 2026-05-05T07:27:17.078Z - Hash: 06d5e91e4a8f499b - Time: 1740ms

× Failed to compile.

Initial Chunk Files | Names   |  Raw Size
main.js             | main    | 214.84 kB |
runtime.js          | runtime |   6.50 kB |

3 unchanged chunks

Build at: 2026-05-05T07:27:18.097Z - Hash: 0624a92d35505556 - Time: 969ms

√ Compiled successfully.

Initial Chunk Files | Names   |  Raw Size
main.js             | main    | 214.95 kB |
runtime.js          | runtime |   6.50 kB |

3 unchanged chunks

Build at: 2026-05-05T07:27:59.110Z - Hash: c5627a30e7484720 - Time: 1530ms

√ Compiled successfully.

Initial Chunk Files | Names   |  Raw Size
main.js             | main    | 219.40 kB |
runtime.js          | runtime |   6.50 kB |

3 unchanged chunks

Build at: 2026-05-05T07:28:00.835Z - Hash: 357891abf0cac82c - Time: 1680ms

√ Compiled successfully.

Initial Chunk Files | Names   |  Raw Size
main.js             | main    | 221.74 kB |
runtime.js          | runtime |   6.50 kB |

3 unchanged chunks

Build at: 2026-05-05T09:29:17.725Z - Hash: 3d203507a99bb93b - Time: 1672ms

√ Compiled successfully.

Initial Chunk Files | Names   |  Raw Size
main.js             | main    | 224.08 kB |
runtime.js          | runtime |   6.50 kB |

3 unchanged chunks

Build at: 2026-05-05T09:29:18.881Z - Hash: 99454f2698c5a628 - Time: 1071ms

√ Compiled successfully.

Initial Chunk Files | Names   |  Raw Size
main.js             | main    | 222.55 kB |
runtime.js          | runtime |   6.50 kB |

3 unchanged chunks

Build at: 2026-05-05T09:34:16.392Z - Hash: 331a5bb813e314a6 - Time: 331ms

× Failed to compile.

Initial Chunk Files | Names   |  Raw Size
main.js             | main    | 222.55 kB |
runtime.js          | runtime |   6.50 kB |

3 unchanged chunks

Build at: 2026-05-05T09:44:37.661Z - Hash: e707b863ffd4a58d - Time: 903ms

× Failed to compile.

Initial Chunk Files | Names   |  Raw Size
main.js             | main    | 222.25 kB |
runtime.js          | runtime |   6.50 kB |

3 unchanged chunks

Build at: 2026-05-05T09:44:40.377Z - Hash: 3878666eaa1cc5fe - Time: 904ms

√ Compiled successfully.

Initial Chunk Files | Names   |  Raw Size
main.js             | main    | 224.08 kB |
runtime.js          | runtime |   6.50 kB |

3 unchanged chunks

Build at: 2026-05-05T09:44:41.715Z - Hash: 99454f2698c5a628 - Time: 759ms

√ Compiled successfully.

Initial Chunk Files | Names   |  Raw Size
main.js             | main    | 222.25 kB |
runtime.js          | runtime |   6.50 kB |

3 unchanged chunks

Build at: 2026-05-05T10:01:20.009Z - Hash: a331a44bdcfce903 - Time: 409ms

√ Compiled successfully.

Initial Chunk Files | Names   |  Raw Size
main.js             | main    | 222.61 kB |
runtime.js          | runtime |   6.50 kB |

3 unchanged chunks

Build at: 2026-05-05T10:01:42.237Z - Hash: af50ae47cbb333fc - Time: 468ms

√ Compiled successfully.

Initial Chunk Files | Names   |  Raw Size
main.js             | main    | 222.61 kB |
runtime.js          | runtime |   6.50 kB |

3 unchanged chunks

Build at: 2026-05-05T10:01:44.149Z - Hash: d45d6929c7aad389 - Time: 465ms

√ Compiled successfully.

Initial Chunk Files | Names   |  Raw Size
main.js             | main    | 222.61 kB |
runtime.js          | runtime |   6.50 kB |

3 unchanged chunks

Build at: 2026-05-05T10:02:27.076Z - Hash: 5082f1739e5818bb - Time: 489ms

√ Compiled successfully.

Initial Chunk Files | Names   |  Raw Size
main.js             | main    | 222.61 kB |
runtime.js          | runtime |   6.50 kB |

3 unchanged chunks

Build at: 2026-05-05T10:02:52.571Z - Hash: de2ca659fca7bbbe - Time: 391ms

√ Compiled successfully.

Initial Chunk Files | Names   |  Raw Size
main.js             | main    | 222.61 kB |
runtime.js          | runtime |   6.50 kB |

3 unchanged chunks

Build at: 2026-05-05T10:02:53.985Z - Hash: 42b66a88ddac8950 - Time: 483ms

√ Compiled successfully.

Initial Chunk Files | Names   |  Raw Size
main.js             | main    | 222.61 kB |
runtime.js          | runtime |   6.50 kB |

3 unchanged chunks

Build at: 2026-05-05T10:03:02.881Z - Hash: 5ef753aca27dc859 - Time: 416ms

√ Compiled successfully.

Initial Chunk Files | Names   |  Raw Size
main.js             | main    | 222.39 kB |
runtime.js          | runtime |   6.50 kB |

3 unchanged chunks

Build at: 2026-05-05T10:22:05.306Z - Hash: 50b4ce9c957fb759 - Time: 529ms

√ Compiled successfully.

5 unchanged chunks

Build at: 2026-05-05T10:22:07.023Z - Hash: 50b4ce9c957fb759 - Time: 408ms

√ Compiled successfully.

Initial Chunk Files | Names   |  Raw Size
main.js             | main    | 222.61 kB |
runtime.js          | runtime |   6.50 kB |

3 unchanged chunks

Build at: 2026-05-05T10:22:09.450Z - Hash: 5ef753aca27dc859 - Time: 371ms

√ Compiled successfully.

Initial Chunk Files | Names   |  Raw Size
main.js             | main    | 222.59 kB |
runtime.js          | runtime |   6.50 kB |

3 unchanged chunks

Build at: 2026-05-05T10:25:15.991Z - Hash: 32705c891aa41914 - Time: 394ms

√ Compiled successfully.

Initial Chunk Files | Names   |  Raw Size
main.js             | main    | 225.93 kB |
runtime.js          | runtime |   6.50 kB |

3 unchanged chunks

Build at: 2026-05-05T10:25:17.646Z - Hash: 8d54e6d0623b5610 - Time: 1617ms

√ Compiled successfully.
